2024-10-02 11:00:40,123 - Started cache_data_loop()
2024-10-02 11:00:45,017 - 4.89 	 seconds: Cached fetch_solver_diagnostics_data(autoETH) 
2024-10-02 11:00:48,126 - 3.11 	 seconds: Cached fetch_key_metrics_data(autoETH) 
2024-10-02 11:00:56,488 - 8.36 	 seconds: Cached fetch_autopool_diagnostics_data(autoETH) 
2024-10-02 11:00:56,623 - 0.14 	 seconds: Cached fetch_destination_allocation_over_time_data(autoETH) 
2024-10-02 11:00:56,633 - 0.01 	 seconds: Cached fetch_weighted_crm_data(autoETH) 
2024-10-02 11:01:20,511 - 23.88 	 seconds: Cached fetch_rebalance_events_data(autoETH) 
2024-10-02 11:01:20,511 - 40.39 	 seconds: Cached autoETH
2024-10-02 11:01:23,169 - 2.66 	 seconds: Cached fetch_solver_diagnostics_data(balETH) 
2024-10-02 11:01:29,791 - 6.62 	 seconds: Cached fetch_key_metrics_data(balETH) 
2024-10-02 11:01:37,227 - 7.44 	 seconds: Cached fetch_autopool_diagnostics_data(balETH) 
2024-10-02 11:01:37,349 - 0.12 	 seconds: Cached fetch_destination_allocation_over_time_data(balETH) 
2024-10-02 11:01:37,356 - 0.01 	 seconds: Cached fetch_weighted_crm_data(balETH) 
2024-10-02 11:02:00,823 - 23.47 	 seconds: Cached fetch_rebalance_events_data(balETH) 
2024-10-02 11:02:00,823 - 40.31 	 seconds: Cached balETH
2024-10-02 11:02:03,457 - 2.63 	 seconds: Cached fetch_solver_diagnostics_data(autoLRT) 
2024-10-02 11:02:10,745 - 7.29 	 seconds: Cached fetch_key_metrics_data(autoLRT) 
2024-10-02 11:02:17,326 - 6.58 	 seconds: Cached fetch_autopool_diagnostics_data(autoLRT) 
2024-10-02 11:02:17,405 - 0.08 	 seconds: Cached fetch_destination_allocation_over_time_data(autoLRT) 
2024-10-02 11:02:17,411 - 0.01 	 seconds: Cached fetch_weighted_crm_data(autoLRT) 
2024-10-02 11:02:37,628 - 20.22 	 seconds: Cached fetch_rebalance_events_data(autoLRT) 
2024-10-02 11:02:37,628 - 36.80 	 seconds: Cached autoLRT
2024-10-02 11:02:37,628 - 117.50 	 seconds: All Autopools Cached
2024-10-02 11:02:37,628 - Finished Caching
2024-10-02 11:02:37,628 - Start Sleeping
2024-10-02 11:44:17,855 - Started cache_data_loop()
2024-10-02 11:44:17,896 - 0.04 	 seconds: Cached fetch_solver_diagnostics_data(autoETH) 
2024-10-02 11:44:17,939 - 0.04 	 seconds: Cached fetch_key_metrics_data(autoETH) 
2024-10-02 11:44:18,113 - 0.17 	 seconds: Cached fetch_autopool_diagnostics_data(autoETH) 
2024-10-02 11:44:18,354 - 0.24 	 seconds: Cached fetch_destination_allocation_over_time_data(autoETH) 
2024-10-02 11:44:18,360 - 0.01 	 seconds: Cached fetch_weighted_crm_data(autoETH) 
2024-10-02 11:44:18,384 - 0.02 	 seconds: Cached fetch_rebalance_events_data(autoETH) 
2024-10-02 11:44:18,384 - 0.53 	 seconds: Cached autoETH
2024-10-02 11:44:18,398 - 0.01 	 seconds: Cached fetch_solver_diagnostics_data(balETH) 
2024-10-02 11:44:18,402 - 0.00 	 seconds: Cached fetch_key_metrics_data(balETH) 
2024-10-02 11:44:18,421 - 0.02 	 seconds: Cached fetch_autopool_diagnostics_data(balETH) 
2024-10-02 11:44:18,524 - 0.10 	 seconds: Cached fetch_destination_allocation_over_time_data(balETH) 
2024-10-02 11:44:18,528 - 0.00 	 seconds: Cached fetch_weighted_crm_data(balETH) 
2024-10-02 11:44:18,549 - 0.02 	 seconds: Cached fetch_rebalance_events_data(balETH) 
2024-10-02 11:44:18,549 - 0.16 	 seconds: Cached balETH
2024-10-02 11:44:18,562 - 0.01 	 seconds: Cached fetch_solver_diagnostics_data(autoLRT) 
2024-10-02 11:44:18,567 - 0.00 	 seconds: Cached fetch_key_metrics_data(autoLRT) 
2024-10-02 11:44:18,584 - 0.02 	 seconds: Cached fetch_autopool_diagnostics_data(autoLRT) 
2024-10-02 11:44:18,668 - 0.08 	 seconds: Cached fetch_destination_allocation_over_time_data(autoLRT) 
2024-10-02 11:44:18,671 - 0.00 	 seconds: Cached fetch_weighted_crm_data(autoLRT) 
2024-10-02 11:44:18,693 - 0.02 	 seconds: Cached fetch_rebalance_events_data(autoLRT) 
2024-10-02 11:44:18,693 - 0.14 	 seconds: Cached autoLRT
2024-10-02 11:44:18,693 - 0.84 	 seconds: All Autopools Cached
2024-10-02 11:44:18,693 - Finished Caching
2024-10-02 11:44:18,693 - Start Sleeping
